

Terminals which are not used:

   ACCT
   REIN
   MLFL
   MAIL
   MSND
   MSOM
   MSAM
   MRSQ
   MRCP
   REST
   SMNT
   LEXERR



Grammar
rule 1    cmd_list ->		/* empty */
rule 2    cmd_list -> cmd_list cmd
rule 3    cmd_list -> cmd_list rcmd
rule 4    cmd -> USER SP username CRLF
rule 5    cmd -> PASS SP password CRLF
rule 6    cmd -> PORT SP host_port CRLF
rule 7    cmd -> PASV CRLF
rule 8    cmd -> TYPE SP type_code CRLF
rule 9    cmd -> STRU SP struct_code CRLF
rule 10   cmd -> MODE SP mode_code CRLF
rule 11   cmd -> ALLO SP NUMBER CRLF
rule 12   cmd -> ALLO SP NUMBER SP R SP NUMBER CRLF
rule 13   cmd -> RETR check_login SP pathname CRLF
rule 14   cmd -> STOR check_login SP pathname CRLF
rule 15   cmd -> APPE check_login SP pathname CRLF
rule 16   cmd -> NLST check_login CRLF
rule 17   cmd -> NLST check_login SP STRING CRLF
rule 18   cmd -> LIST check_login CRLF
rule 19   cmd -> LIST check_login SP pathname CRLF
rule 20   cmd -> STAT check_login SP pathname CRLF
rule 21   cmd -> STAT CRLF
rule 22   cmd -> DELE check_login SP pathname CRLF
rule 23   cmd -> RNTO SP pathname CRLF
rule 24   cmd -> ABOR CRLF
rule 25   cmd -> CWD check_login CRLF
rule 26   cmd -> CWD check_login SP pathname CRLF
rule 27   cmd -> HELP CRLF
rule 28   cmd -> HELP SP STRING CRLF
rule 29   cmd -> NOOP CRLF
rule 30   cmd -> MKD check_login SP pathname CRLF
rule 31   cmd -> RMD check_login SP pathname CRLF
rule 32   cmd -> PWD check_login CRLF
rule 33   cmd -> CDUP check_login CRLF
rule 34   cmd -> SITE SP HELP CRLF
rule 35   cmd -> SITE SP HELP SP STRING CRLF
rule 36   cmd -> SITE SP UMASK check_login CRLF
rule 37   cmd -> SITE SP UMASK check_login SP octal_number CRLF
rule 38   cmd -> SITE SP CHMOD check_login SP octal_number SP pathname CRLF
rule 39   cmd -> SITE SP IDLE CRLF
rule 40   cmd -> SITE SP IDLE SP NUMBER CRLF
rule 41   cmd -> STOU check_login SP pathname CRLF
rule 42   cmd -> SYST CRLF
rule 43   cmd -> SIZE check_login SP pathname CRLF
rule 44   cmd -> MDTM check_login SP pathname CRLF
rule 45   cmd -> QUIT CRLF
rule 46   cmd -> error CRLF
rule 47   rcmd -> RNFR check_login SP pathname CRLF
rule 48   username -> STRING
rule 49   password ->		/* empty */
rule 50   password -> STRING
rule 51   byte_size -> NUMBER
rule 52   host_port -> NUMBER COMMA NUMBER COMMA NUMBER COMMA NUMBER COMMA NUMBER COMMA NUMBER
rule 53   form_code -> N
rule 54   form_code -> T
rule 55   form_code -> C
rule 56   type_code -> A
rule 57   type_code -> A SP form_code
rule 58   type_code -> E
rule 59   type_code -> E SP form_code
rule 60   type_code -> I
rule 61   type_code -> L
rule 62   type_code -> L SP byte_size
rule 63   type_code -> L byte_size
rule 64   struct_code -> F
rule 65   struct_code -> R
rule 66   struct_code -> P
rule 67   mode_code -> S
rule 68   mode_code -> B
rule 69   mode_code -> C
rule 70   pathname -> pathstring
rule 71   pathstring -> STRING
rule 72   octal_number -> NUMBER
rule 73   check_login ->		/* empty */

Terminals, with rules where they appear

$ (-1)
error (256) 46
A (258) 56 57
B (259) 68
C (260) 55 69
E (261) 58 59
F (262) 64
I (263) 60
L (264) 61 62 63
N (265) 53
P (266) 66
R (267) 12 65
S (268) 67
T (269) 54
SP (270) 4 5 6 8 9 10 11 12 13 14 15 17 19 20 22 23 26 28 30 31 34
    35 36 37 38 39 40 41 43 44 47 57 59 62
CRLF (271) 4 5 6 7 8 9 10 11 12 13 14 15 16 17 18 19 20 21 22 23 24
    25 26 27 28 29 30 31 32 33 34 35 36 37 38 39 40 41 42 43 44 45
    46 47
COMMA (272) 52
STRING (273) 17 28 35 48 50 71
NUMBER (274) 11 12 40 51 52 72
USER (275) 4
PASS (276) 5
ACCT (277)
REIN (278)
QUIT (279) 45
PORT (280) 6
PASV (281) 7
TYPE (282) 8
STRU (283) 9
MODE (284) 10
RETR (285) 13
STOR (286) 14
APPE (287) 15
MLFL (288)
MAIL (289)
MSND (290)
MSOM (291)
MSAM (292)
MRSQ (293)
MRCP (294)
ALLO (295) 11 12
REST (296)
RNFR (297) 47
RNTO (298) 23
ABOR (299) 24
DELE (300) 22
CWD (301) 25 26
LIST (302) 18 19
NLST (303) 16 17
SITE (304) 34 35 36 37 38 39 40
STAT (305) 20 21
HELP (306) 27 28 34 35
NOOP (307) 29
MKD (308) 30
RMD (309) 31
PWD (310) 32
CDUP (311) 33
STOU (312) 41
SMNT (313)
SYST (314) 42
SIZE (315) 43
MDTM (316) 44
UMASK (317) 36 37
IDLE (318) 39 40
CHMOD (319) 38
LEXERR (320)

Nonterminals, with rules where they appear

cmd_list (66)
    on left: 1 2 3, on right: 2 3
cmd (67)
    on left: 4 5 6 7 8 9 10 11 12 13 14 15 16 17 18 19 20 21 22 23
    24 25 26 27 28 29 30 31 32 33 34 35 36 37 38 39 40 41 42 43 44
    45 46, on right: 2
rcmd (68)
    on left: 47, on right: 3
username (69)
    on left: 48, on right: 4
password (70)
    on left: 49 50, on right: 5
byte_size (71)
    on left: 51, on right: 62 63
host_port (72)
    on left: 52, on right: 6
form_code (73)
    on left: 53 54 55, on right: 57 59
type_code (74)
    on left: 56 57 58 59 60 61 62 63, on right: 8
struct_code (75)
    on left: 64 65 66, on right: 9
mode_code (76)
    on left: 67 68 69, on right: 10
pathname (77)
    on left: 70, on right: 13 14 15 19 20 22 23 26 30 31 38 41 43 44
    47
pathstring (78)
    on left: 71, on right: 70
octal_number (79)
    on left: 72, on right: 37 38
check_login (80)
    on left: 73, on right: 13 14 15 16 17 18 19 20 22 25 26 30 31 32
    33 36 37 38 41 43 44 47


state 0

    $default	reduce using rule 1 (cmd_list)

    cmd_list	go to state 1



state 1

    cmd_list  ->  cmd_list . cmd   (rule 2)
    cmd_list  ->  cmd_list . rcmd   (rule 3)

    $   	go to state 200
    error	shift, and go to state 2
    USER	shift, and go to state 3
    PASS	shift, and go to state 4
    QUIT	shift, and go to state 5
    PORT	shift, and go to state 6
    PASV	shift, and go to state 7
    TYPE	shift, and go to state 8
    STRU	shift, and go to state 9
    MODE	shift, and go to state 10
    RETR	shift, and go to state 11
    STOR	shift, and go to state 12
    APPE	shift, and go to state 13
    ALLO	shift, and go to state 14
    RNFR	shift, and go to state 15
    RNTO	shift, and go to state 16
    ABOR	shift, and go to state 17
    DELE	shift, and go to state 18
    CWD 	shift, and go to state 19
    LIST	shift, and go to state 20
    NLST	shift, and go to state 21
    SITE	shift, and go to state 22
    STAT	shift, and go to state 23
    HELP	shift, and go to state 24
    NOOP	shift, and go to state 25
    MKD 	shift, and go to state 26
    RMD 	shift, and go to state 27
    PWD 	shift, and go to state 28
    CDUP	shift, and go to state 29
    STOU	shift, and go to state 30
    SYST	shift, and go to state 31
    SIZE	shift, and go to state 32
    MDTM	shift, and go to state 33

    cmd 	go to state 34
    rcmd	go to state 35



state 2

    cmd  ->  error . CRLF   (rule 46)

    CRLF	shift, and go to state 36



state 3

    cmd  ->  USER . SP username CRLF   (rule 4)

    SP  	shift, and go to state 37



state 4

    cmd  ->  PASS . SP password CRLF   (rule 5)

    SP  	shift, and go to state 38



state 5

    cmd  ->  QUIT . CRLF   (rule 45)

    CRLF	shift, and go to state 39



state 6

    cmd  ->  PORT . SP host_port CRLF   (rule 6)

    SP  	shift, and go to state 40



state 7

    cmd  ->  PASV . CRLF   (rule 7)

    CRLF	shift, and go to state 41



state 8

    cmd  ->  TYPE . SP type_code CRLF   (rule 8)

    SP  	shift, and go to state 42



state 9

    cmd  ->  STRU . SP struct_code CRLF   (rule 9)

    SP  	shift, and go to state 43



state 10

    cmd  ->  MODE . SP mode_code CRLF   (rule 10)

    SP  	shift, and go to state 44



state 11

    cmd  ->  RETR . check_login SP pathname CRLF   (rule 13)

    $default	reduce using rule 73 (check_login)

    check_login	go to state 45



state 12

    cmd  ->  STOR . check_login SP pathname CRLF   (rule 14)

    $default	reduce using rule 73 (check_login)

    check_login	go to state 46



state 13

    cmd  ->  APPE . check_login SP pathname CRLF   (rule 15)

    $default	reduce using rule 73 (check_login)

    check_login	go to state 47



state 14

    cmd  ->  ALLO . SP NUMBER CRLF   (rule 11)
    cmd  ->  ALLO . SP NUMBER SP R SP NUMBER CRLF   (rule 12)

    SP  	shift, and go to state 48



state 15

    rcmd  ->  RNFR . check_login SP pathname CRLF   (rule 47)

    $default	reduce using rule 73 (check_login)

    check_login	go to state 49



state 16

    cmd  ->  RNTO . SP pathname CRLF   (rule 23)

    SP  	shift, and go to state 50



state 17

    cmd  ->  ABOR . CRLF   (rule 24)

    CRLF	shift, and go to state 51



state 18

    cmd  ->  DELE . check_login SP pathname CRLF   (rule 22)

    $default	reduce using rule 73 (check_login)

    check_login	go to state 52



state 19

    cmd  ->  CWD . check_login CRLF   (rule 25)
    cmd  ->  CWD . check_login SP pathname CRLF   (rule 26)

    $default	reduce using rule 73 (check_login)

    check_login	go to state 53



state 20

    cmd  ->  LIST . check_login CRLF   (rule 18)
    cmd  ->  LIST . check_login SP pathname CRLF   (rule 19)

    $default	reduce using rule 73 (check_login)

    check_login	go to state 54



state 21

    cmd  ->  NLST . check_login CRLF   (rule 16)
    cmd  ->  NLST . check_login SP STRING CRLF   (rule 17)

    $default	reduce using rule 73 (check_login)

    check_login	go to state 55



state 22

    cmd  ->  SITE . SP HELP CRLF   (rule 34)
    cmd  ->  SITE . SP HELP SP STRING CRLF   (rule 35)
    cmd  ->  SITE . SP UMASK check_login CRLF   (rule 36)
    cmd  ->  SITE . SP UMASK check_login SP octal_number CRLF   (rule 37)
    cmd  ->  SITE . SP CHMOD check_login SP octal_number SP pathname CRLF   (rule 38)
    cmd  ->  SITE . SP IDLE CRLF   (rule 39)
    cmd  ->  SITE . SP IDLE SP NUMBER CRLF   (rule 40)

    SP  	shift, and go to state 56



state 23

    cmd  ->  STAT . check_login SP pathname CRLF   (rule 20)
    cmd  ->  STAT . CRLF   (rule 21)

    CRLF	shift, and go to state 57

    $default	reduce using rule 73 (check_login)

    check_login	go to state 58



state 24

    cmd  ->  HELP . CRLF   (rule 27)
    cmd  ->  HELP . SP STRING CRLF   (rule 28)

    SP  	shift, and go to state 59
    CRLF	shift, and go to state 60



state 25

    cmd  ->  NOOP . CRLF   (rule 29)

    CRLF	shift, and go to state 61



state 26

    cmd  ->  MKD . check_login SP pathname CRLF   (rule 30)

    $default	reduce using rule 73 (check_login)

    check_login	go to state 62



state 27

    cmd  ->  RMD . check_login SP pathname CRLF   (rule 31)

    $default	reduce using rule 73 (check_login)

    check_login	go to state 63



state 28

    cmd  ->  PWD . check_login CRLF   (rule 32)

    $default	reduce using rule 73 (check_login)

    check_login	go to state 64



state 29

    cmd  ->  CDUP . check_login CRLF   (rule 33)

    $default	reduce using rule 73 (check_login)

    check_login	go to state 65



state 30

    cmd  ->  STOU . check_login SP pathname CRLF   (rule 41)

    $default	reduce using rule 73 (check_login)

    check_login	go to state 66



state 31

    cmd  ->  SYST . CRLF   (rule 42)

    CRLF	shift, and go to state 67



state 32

    cmd  ->  SIZE . check_login SP pathname CRLF   (rule 43)

    $default	reduce using rule 73 (check_login)

    check_login	go to state 68



state 33

    cmd  ->  MDTM . check_login SP pathname CRLF   (rule 44)

    $default	reduce using rule 73 (check_login)

    check_login	go to state 69



state 34

    cmd_list  ->  cmd_list cmd .   (rule 2)

    $default	reduce using rule 2 (cmd_list)



state 35

    cmd_list  ->  cmd_list rcmd .   (rule 3)

    $default	reduce using rule 3 (cmd_list)



state 36

    cmd  ->  error CRLF .   (rule 46)

    $default	reduce using rule 46 (cmd)



state 37

    cmd  ->  USER SP . username CRLF   (rule 4)

    STRING	shift, and go to state 70

    username	go to state 71



state 38

    cmd  ->  PASS SP . password CRLF   (rule 5)

    STRING	shift, and go to state 72

    $default	reduce using rule 49 (password)

    password	go to state 73



state 39

    cmd  ->  QUIT CRLF .   (rule 45)

    $default	reduce using rule 45 (cmd)



state 40

    cmd  ->  PORT SP . host_port CRLF   (rule 6)

    NUMBER	shift, and go to state 74

    host_port	go to state 75



state 41

    cmd  ->  PASV CRLF .   (rule 7)

    $default	reduce using rule 7 (cmd)



state 42

    cmd  ->  TYPE SP . type_code CRLF   (rule 8)

    A   	shift, and go to state 76
    E   	shift, and go to state 77
    I   	shift, and go to state 78
    L   	shift, and go to state 79

    type_code	go to state 80



state 43

    cmd  ->  STRU SP . struct_code CRLF   (rule 9)

    F   	shift, and go to state 81
    P   	shift, and go to state 82
    R   	shift, and go to state 83

    struct_code	go to state 84



state 44

    cmd  ->  MODE SP . mode_code CRLF   (rule 10)

    B   	shift, and go to state 85
    C   	shift, and go to state 86
    S   	shift, and go to state 87

    mode_code	go to state 88



state 45

    cmd  ->  RETR check_login . SP pathname CRLF   (rule 13)

    SP  	shift, and go to state 89



state 46

    cmd  ->  STOR check_login . SP pathname CRLF   (rule 14)

    SP  	shift, and go to state 90



state 47

    cmd  ->  APPE check_login . SP pathname CRLF   (rule 15)

    SP  	shift, and go to state 91



state 48

    cmd  ->  ALLO SP . NUMBER CRLF   (rule 11)
    cmd  ->  ALLO SP . NUMBER SP R SP NUMBER CRLF   (rule 12)

    NUMBER	shift, and go to state 92



state 49

    rcmd  ->  RNFR check_login . SP pathname CRLF   (rule 47)

    SP  	shift, and go to state 93



state 50

    cmd  ->  RNTO SP . pathname CRLF   (rule 23)

    STRING	shift, and go to state 94

    pathname	go to state 95
    pathstring	go to state 96



state 51

    cmd  ->  ABOR CRLF .   (rule 24)

    $default	reduce using rule 24 (cmd)



state 52

    cmd  ->  DELE check_login . SP pathname CRLF   (rule 22)

    SP  	shift, and go to state 97



state 53

    cmd  ->  CWD check_login . CRLF   (rule 25)
    cmd  ->  CWD check_login . SP pathname CRLF   (rule 26)

    SP  	shift, and go to state 98
    CRLF	shift, and go to state 99



state 54

    cmd  ->  LIST check_login . CRLF   (rule 18)
    cmd  ->  LIST check_login . SP pathname CRLF   (rule 19)

    SP  	shift, and go to state 100
    CRLF	shift, and go to state 101



state 55

    cmd  ->  NLST check_login . CRLF   (rule 16)
    cmd  ->  NLST check_login . SP STRING CRLF   (rule 17)

    SP  	shift, and go to state 102
    CRLF	shift, and go to state 103



state 56

    cmd  ->  SITE SP . HELP CRLF   (rule 34)
    cmd  ->  SITE SP . HELP SP STRING CRLF   (rule 35)
    cmd  ->  SITE SP . UMASK check_login CRLF   (rule 36)
    cmd  ->  SITE SP . UMASK check_login SP octal_number CRLF   (rule 37)
    cmd  ->  SITE SP . CHMOD check_login SP octal_number SP pathname CRLF   (rule 38)
    cmd  ->  SITE SP . IDLE CRLF   (rule 39)
    cmd  ->  SITE SP . IDLE SP NUMBER CRLF   (rule 40)

    HELP	shift, and go to state 104
    UMASK	shift, and go to state 105
    IDLE	shift, and go to state 106
    CHMOD	shift, and go to state 107



state 57

    cmd  ->  STAT CRLF .   (rule 21)

    $default	reduce using rule 21 (cmd)



state 58

    cmd  ->  STAT check_login . SP pathname CRLF   (rule 20)

    SP  	shift, and go to state 108



state 59

    cmd  ->  HELP SP . STRING CRLF   (rule 28)

    STRING	shift, and go to state 109



state 60

    cmd  ->  HELP CRLF .   (rule 27)

    $default	reduce using rule 27 (cmd)



state 61

    cmd  ->  NOOP CRLF .   (rule 29)

    $default	reduce using rule 29 (cmd)



state 62

    cmd  ->  MKD check_login . SP pathname CRLF   (rule 30)

    SP  	shift, and go to state 110



state 63

    cmd  ->  RMD check_login . SP pathname CRLF   (rule 31)

    SP  	shift, and go to state 111



state 64

    cmd  ->  PWD check_login . CRLF   (rule 32)

    CRLF	shift, and go to state 112



state 65

    cmd  ->  CDUP check_login . CRLF   (rule 33)

    CRLF	shift, and go to state 113



state 66

    cmd  ->  STOU check_login . SP pathname CRLF   (rule 41)

    SP  	shift, and go to state 114



state 67

    cmd  ->  SYST CRLF .   (rule 42)

    $default	reduce using rule 42 (cmd)



state 68

    cmd  ->  SIZE check_login . SP pathname CRLF   (rule 43)

    SP  	shift, and go to state 115



state 69

    cmd  ->  MDTM check_login . SP pathname CRLF   (rule 44)

    SP  	shift, and go to state 116



state 70

    username  ->  STRING .   (rule 48)

    $default	reduce using rule 48 (username)



state 71

    cmd  ->  USER SP username . CRLF   (rule 4)

    CRLF	shift, and go to state 117



state 72

    password  ->  STRING .   (rule 50)

    $default	reduce using rule 50 (password)



state 73

    cmd  ->  PASS SP password . CRLF   (rule 5)

    CRLF	shift, and go to state 118



state 74

    host_port  ->  NUMBER . COMMA NUMBER COMMA NUMBER COMMA NUMBER COMMA NUMBER COMMA NUMBER   (rule 52)

    COMMA	shift, and go to state 119



state 75

    cmd  ->  PORT SP host_port . CRLF   (rule 6)

    CRLF	shift, and go to state 120



state 76

    type_code  ->  A .   (rule 56)
    type_code  ->  A . SP form_code   (rule 57)

    SP  	shift, and go to state 121

    $default	reduce using rule 56 (type_code)



state 77

    type_code  ->  E .   (rule 58)
    type_code  ->  E . SP form_code   (rule 59)

    SP  	shift, and go to state 122

    $default	reduce using rule 58 (type_code)



state 78

    type_code  ->  I .   (rule 60)

    $default	reduce using rule 60 (type_code)



state 79

    type_code  ->  L .   (rule 61)
    type_code  ->  L . SP byte_size   (rule 62)
    type_code  ->  L . byte_size   (rule 63)

    SP  	shift, and go to state 123
    NUMBER	shift, and go to state 124

    $default	reduce using rule 61 (type_code)

    byte_size	go to state 125



state 80

    cmd  ->  TYPE SP type_code . CRLF   (rule 8)

    CRLF	shift, and go to state 126



state 81

    struct_code  ->  F .   (rule 64)

    $default	reduce using rule 64 (struct_code)



state 82

    struct_code  ->  P .   (rule 66)

    $default	reduce using rule 66 (struct_code)



state 83

    struct_code  ->  R .   (rule 65)

    $default	reduce using rule 65 (struct_code)



state 84

    cmd  ->  STRU SP struct_code . CRLF   (rule 9)

    CRLF	shift, and go to state 127



state 85

    mode_code  ->  B .   (rule 68)

    $default	reduce using rule 68 (mode_code)



state 86

    mode_code  ->  C .   (rule 69)

    $default	reduce using rule 69 (mode_code)



state 87

    mode_code  ->  S .   (rule 67)

    $default	reduce using rule 67 (mode_code)



state 88

    cmd  ->  MODE SP mode_code . CRLF   (rule 10)

    CRLF	shift, and go to state 128



state 89

    cmd  ->  RETR check_login SP . pathname CRLF   (rule 13)

    STRING	shift, and go to state 94

    pathname	go to state 129
    pathstring	go to state 96



state 90

    cmd  ->  STOR check_login SP . pathname CRLF   (rule 14)

    STRING	shift, and go to state 94

    pathname	go to state 130
    pathstring	go to state 96



state 91

    cmd  ->  APPE check_login SP . pathname CRLF   (rule 15)

    STRING	shift, and go to state 94

    pathname	go to state 131
    pathstring	go to state 96



state 92

    cmd  ->  ALLO SP NUMBER . CRLF   (rule 11)
    cmd  ->  ALLO SP NUMBER . SP R SP NUMBER CRLF   (rule 12)

    SP  	shift, and go to state 132
    CRLF	shift, and go to state 133



state 93

    rcmd  ->  RNFR check_login SP . pathname CRLF   (rule 47)

    STRING	shift, and go to state 94

    pathname	go to state 134
    pathstring	go to state 96



state 94

    pathstring  ->  STRING .   (rule 71)

    $default	reduce using rule 71 (pathstring)



state 95

    cmd  ->  RNTO SP pathname . CRLF   (rule 23)

    CRLF	shift, and go to state 135



state 96

    pathname  ->  pathstring .   (rule 70)

    $default	reduce using rule 70 (pathname)



state 97

    cmd  ->  DELE check_login SP . pathname CRLF   (rule 22)

    STRING	shift, and go to state 94

    pathname	go to state 136
    pathstring	go to state 96



state 98

    cmd  ->  CWD check_login SP . pathname CRLF   (rule 26)

    STRING	shift, and go to state 94

    pathname	go to state 137
    pathstring	go to state 96



state 99

    cmd  ->  CWD check_login CRLF .   (rule 25)

    $default	reduce using rule 25 (cmd)



state 100

    cmd  ->  LIST check_login SP . pathname CRLF   (rule 19)

    STRING	shift, and go to state 94

    pathname	go to state 138
    pathstring	go to state 96



state 101

    cmd  ->  LIST check_login CRLF .   (rule 18)

    $default	reduce using rule 18 (cmd)



state 102

    cmd  ->  NLST check_login SP . STRING CRLF   (rule 17)

    STRING	shift, and go to state 139



state 103

    cmd  ->  NLST check_login CRLF .   (rule 16)

    $default	reduce using rule 16 (cmd)



state 104

    cmd  ->  SITE SP HELP . CRLF   (rule 34)
    cmd  ->  SITE SP HELP . SP STRING CRLF   (rule 35)

    SP  	shift, and go to state 140
    CRLF	shift, and go to state 141



state 105

    cmd  ->  SITE SP UMASK . check_login CRLF   (rule 36)
    cmd  ->  SITE SP UMASK . check_login SP octal_number CRLF   (rule 37)

    $default	reduce using rule 73 (check_login)

    check_login	go to state 142



state 106

    cmd  ->  SITE SP IDLE . CRLF   (rule 39)
    cmd  ->  SITE SP IDLE . SP NUMBER CRLF   (rule 40)

    SP  	shift, and go to state 143
    CRLF	shift, and go to state 144



state 107

    cmd  ->  SITE SP CHMOD . check_login SP octal_number SP pathname CRLF   (rule 38)

    $default	reduce using rule 73 (check_login)

    check_login	go to state 145



state 108

    cmd  ->  STAT check_login SP . pathname CRLF   (rule 20)

    STRING	shift, and go to state 94

    pathname	go to state 146
    pathstring	go to state 96



state 109

    cmd  ->  HELP SP STRING . CRLF   (rule 28)

    CRLF	shift, and go to state 147



state 110

    cmd  ->  MKD check_login SP . pathname CRLF   (rule 30)

    STRING	shift, and go to state 94

    pathname	go to state 148
    pathstring	go to state 96



state 111

    cmd  ->  RMD check_login SP . pathname CRLF   (rule 31)

    STRING	shift, and go to state 94

    pathname	go to state 149
    pathstring	go to state 96



state 112

    cmd  ->  PWD check_login CRLF .   (rule 32)

    $default	reduce using rule 32 (cmd)



state 113

    cmd  ->  CDUP check_login CRLF .   (rule 33)

    $default	reduce using rule 33 (cmd)



state 114

    cmd  ->  STOU check_login SP . pathname CRLF   (rule 41)

    STRING	shift, and go to state 94

    pathname	go to state 150
    pathstring	go to state 96



state 115

    cmd  ->  SIZE check_login SP . pathname CRLF   (rule 43)

    STRING	shift, and go to state 94

    pathname	go to state 151
    pathstring	go to state 96



state 116

    cmd  ->  MDTM check_login SP . pathname CRLF   (rule 44)

    STRING	shift, and go to state 94

    pathname	go to state 152
    pathstring	go to state 96



state 117

    cmd  ->  USER SP username CRLF .   (rule 4)

    $default	reduce using rule 4 (cmd)



state 118

    cmd  ->  PASS SP password CRLF .   (rule 5)

    $default	reduce using rule 5 (cmd)



state 119

    host_port  ->  NUMBER COMMA . NUMBER COMMA NUMBER COMMA NUMBER COMMA NUMBER COMMA NUMBER   (rule 52)

    NUMBER	shift, and go to state 153



state 120

    cmd  ->  PORT SP host_port CRLF .   (rule 6)

    $default	reduce using rule 6 (cmd)



state 121

    type_code  ->  A SP . form_code   (rule 57)

    C   	shift, and go to state 154
    N   	shift, and go to state 155
    T   	shift, and go to state 156

    form_code	go to state 157



state 122

    type_code  ->  E SP . form_code   (rule 59)

    C   	shift, and go to state 154
    N   	shift, and go to state 155
    T   	shift, and go to state 156

    form_code	go to state 158



state 123

    type_code  ->  L SP . byte_size   (rule 62)

    NUMBER	shift, and go to state 124

    byte_size	go to state 159



state 124

    byte_size  ->  NUMBER .   (rule 51)

    $default	reduce using rule 51 (byte_size)



state 125

    type_code  ->  L byte_size .   (rule 63)

    $default	reduce using rule 63 (type_code)



state 126

    cmd  ->  TYPE SP type_code CRLF .   (rule 8)

    $default	reduce using rule 8 (cmd)



state 127

    cmd  ->  STRU SP struct_code CRLF .   (rule 9)

    $default	reduce using rule 9 (cmd)



state 128

    cmd  ->  MODE SP mode_code CRLF .   (rule 10)

    $default	reduce using rule 10 (cmd)



state 129

    cmd  ->  RETR check_login SP pathname . CRLF   (rule 13)

    CRLF	shift, and go to state 160



state 130

    cmd  ->  STOR check_login SP pathname . CRLF   (rule 14)

    CRLF	shift, and go to state 161



state 131

    cmd  ->  APPE check_login SP pathname . CRLF   (rule 15)

    CRLF	shift, and go to state 162



state 132

    cmd  ->  ALLO SP NUMBER SP . R SP NUMBER CRLF   (rule 12)

    R   	shift, and go to state 163



state 133

    cmd  ->  ALLO SP NUMBER CRLF .   (rule 11)

    $default	reduce using rule 11 (cmd)



state 134

    rcmd  ->  RNFR check_login SP pathname . CRLF   (rule 47)

    CRLF	shift, and go to state 164



state 135

    cmd  ->  RNTO SP pathname CRLF .   (rule 23)

    $default	reduce using rule 23 (cmd)



state 136

    cmd  ->  DELE check_login SP pathname . CRLF   (rule 22)

    CRLF	shift, and go to state 165



state 137

    cmd  ->  CWD check_login SP pathname . CRLF   (rule 26)

    CRLF	shift, and go to state 166



state 138

    cmd  ->  LIST check_login SP pathname . CRLF   (rule 19)

    CRLF	shift, and go to state 167



state 139

    cmd  ->  NLST check_login SP STRING . CRLF   (rule 17)

    CRLF	shift, and go to state 168



state 140

    cmd  ->  SITE SP HELP SP . STRING CRLF   (rule 35)

    STRING	shift, and go to state 169



state 141

    cmd  ->  SITE SP HELP CRLF .   (rule 34)

    $default	reduce using rule 34 (cmd)



state 142

    cmd  ->  SITE SP UMASK check_login . CRLF   (rule 36)
    cmd  ->  SITE SP UMASK check_login . SP octal_number CRLF   (rule 37)

    SP  	shift, and go to state 170
    CRLF	shift, and go to state 171



state 143

    cmd  ->  SITE SP IDLE SP . NUMBER CRLF   (rule 40)

    NUMBER	shift, and go to state 172



state 144

    cmd  ->  SITE SP IDLE CRLF .   (rule 39)

    $default	reduce using rule 39 (cmd)



state 145

    cmd  ->  SITE SP CHMOD check_login . SP octal_number SP pathname CRLF   (rule 38)

    SP  	shift, and go to state 173



state 146

    cmd  ->  STAT check_login SP pathname . CRLF   (rule 20)

    CRLF	shift, and go to state 174



state 147

    cmd  ->  HELP SP STRING CRLF .   (rule 28)

    $default	reduce using rule 28 (cmd)



state 148

    cmd  ->  MKD check_login SP pathname . CRLF   (rule 30)

    CRLF	shift, and go to state 175



state 149

    cmd  ->  RMD check_login SP pathname . CRLF   (rule 31)

    CRLF	shift, and go to state 176



state 150

    cmd  ->  STOU check_login SP pathname . CRLF   (rule 41)

    CRLF	shift, and go to state 177



state 151

    cmd  ->  SIZE check_login SP pathname . CRLF   (rule 43)

    CRLF	shift, and go to state 178



state 152

    cmd  ->  MDTM check_login SP pathname . CRLF   (rule 44)

    CRLF	shift, and go to state 179



state 153

    host_port  ->  NUMBER COMMA NUMBER . COMMA NUMBER COMMA NUMBER COMMA NUMBER COMMA NUMBER   (rule 52)

    COMMA	shift, and go to state 180



state 154

    form_code  ->  C .   (rule 55)

    $default	reduce using rule 55 (form_code)



state 155

    form_code  ->  N .   (rule 53)

    $default	reduce using rule 53 (form_code)



state 156

    form_code  ->  T .   (rule 54)

    $default	reduce using rule 54 (form_code)



state 157

    type_code  ->  A SP form_code .   (rule 57)

    $default	reduce using rule 57 (type_code)



state 158

    type_code  ->  E SP form_code .   (rule 59)

    $default	reduce using rule 59 (type_code)



state 159

    type_code  ->  L SP byte_size .   (rule 62)

    $default	reduce using rule 62 (type_code)



state 160

    cmd  ->  RETR check_login SP pathname CRLF .   (rule 13)

    $default	reduce using rule 13 (cmd)



state 161

    cmd  ->  STOR check_login SP pathname CRLF .   (rule 14)

    $default	reduce using rule 14 (cmd)



state 162

    cmd  ->  APPE check_login SP pathname CRLF .   (rule 15)

    $default	reduce using rule 15 (cmd)



state 163

    cmd  ->  ALLO SP NUMBER SP R . SP NUMBER CRLF   (rule 12)

    SP  	shift, and go to state 181



state 164

    rcmd  ->  RNFR check_login SP pathname CRLF .   (rule 47)

    $default	reduce using rule 47 (rcmd)



state 165

    cmd  ->  DELE check_login SP pathname CRLF .   (rule 22)

    $default	reduce using rule 22 (cmd)



state 166

    cmd  ->  CWD check_login SP pathname CRLF .   (rule 26)

    $default	reduce using rule 26 (cmd)



state 167

    cmd  ->  LIST check_login SP pathname CRLF .   (rule 19)

    $default	reduce using rule 19 (cmd)



state 168

    cmd  ->  NLST check_login SP STRING CRLF .   (rule 17)

    $default	reduce using rule 17 (cmd)



state 169

    cmd  ->  SITE SP HELP SP STRING . CRLF   (rule 35)

    CRLF	shift, and go to state 182



state 170

    cmd  ->  SITE SP UMASK check_login SP . octal_number CRLF   (rule 37)

    NUMBER	shift, and go to state 183

    octal_number	go to state 184



state 171

    cmd  ->  SITE SP UMASK check_login CRLF .   (rule 36)

    $default	reduce using rule 36 (cmd)



state 172

    cmd  ->  SITE SP IDLE SP NUMBER . CRLF   (rule 40)

    CRLF	shift, and go to state 185



state 173

    cmd  ->  SITE SP CHMOD check_login SP . octal_number SP pathname CRLF   (rule 38)

    NUMBER	shift, and go to state 183

    octal_number	go to state 186



state 174

    cmd  ->  STAT check_login SP pathname CRLF .   (rule 20)

    $default	reduce using rule 20 (cmd)



state 175

    cmd  ->  MKD check_login SP pathname CRLF .   (rule 30)

    $default	reduce using rule 30 (cmd)



state 176

    cmd  ->  RMD check_login SP pathname CRLF .   (rule 31)

    $default	reduce using rule 31 (cmd)



state 177

    cmd  ->  STOU check_login SP pathname CRLF .   (rule 41)

    $default	reduce using rule 41 (cmd)



state 178

    cmd  ->  SIZE check_login SP pathname CRLF .   (rule 43)

    $default	reduce using rule 43 (cmd)



state 179

    cmd  ->  MDTM check_login SP pathname CRLF .   (rule 44)

    $default	reduce using rule 44 (cmd)



state 180

    host_port  ->  NUMBER COMMA NUMBER COMMA . NUMBER COMMA NUMBER COMMA NUMBER COMMA NUMBER   (rule 52)

    NUMBER	shift, and go to state 187



state 181

    cmd  ->  ALLO SP NUMBER SP R SP . NUMBER CRLF   (rule 12)

    NUMBER	shift, and go to state 188



state 182

    cmd  ->  SITE SP HELP SP STRING CRLF .   (rule 35)

    $default	reduce using rule 35 (cmd)



state 183

    octal_number  ->  NUMBER .   (rule 72)

    $default	reduce using rule 72 (octal_number)



state 184

    cmd  ->  SITE SP UMASK check_login SP octal_number . CRLF   (rule 37)

    CRLF	shift, and go to state 189



state 185

    cmd  ->  SITE SP IDLE SP NUMBER CRLF .   (rule 40)

    $default	reduce using rule 40 (cmd)



state 186

    cmd  ->  SITE SP CHMOD check_login SP octal_number . SP pathname CRLF   (rule 38)

    SP  	shift, and go to state 190



state 187

    host_port  ->  NUMBER COMMA NUMBER COMMA NUMBER . COMMA NUMBER COMMA NUMBER COMMA NUMBER   (rule 52)

    COMMA	shift, and go to state 191



state 188

    cmd  ->  ALLO SP NUMBER SP R SP NUMBER . CRLF   (rule 12)

    CRLF	shift, and go to state 192



state 189

    cmd  ->  SITE SP UMASK check_login SP octal_number CRLF .   (rule 37)

    $default	reduce using rule 37 (cmd)



state 190

    cmd  ->  SITE SP CHMOD check_login SP octal_number SP . pathname CRLF   (rule 38)

    STRING	shift, and go to state 94

    pathname	go to state 193
    pathstring	go to state 96



state 191

    host_port  ->  NUMBER COMMA NUMBER COMMA NUMBER COMMA . NUMBER COMMA NUMBER COMMA NUMBER   (rule 52)

    NUMBER	shift, and go to state 194



state 192

    cmd  ->  ALLO SP NUMBER SP R SP NUMBER CRLF .   (rule 12)

    $default	reduce using rule 12 (cmd)



state 193

    cmd  ->  SITE SP CHMOD check_login SP octal_number SP pathname . CRLF   (rule 38)

    CRLF	shift, and go to state 195



state 194

    host_port  ->  NUMBER COMMA NUMBER COMMA NUMBER COMMA NUMBER . COMMA NUMBER COMMA NUMBER   (rule 52)

    COMMA	shift, and go to state 196



state 195

    cmd  ->  SITE SP CHMOD check_login SP octal_number SP pathname CRLF .   (rule 38)

    $default	reduce using rule 38 (cmd)



state 196

    host_port  ->  NUMBER COMMA NUMBER COMMA NUMBER COMMA NUMBER COMMA . NUMBER COMMA NUMBER   (rule 52)

    NUMBER	shift, and go to state 197



state 197

    host_port  ->  NUMBER COMMA NUMBER COMMA NUMBER COMMA NUMBER COMMA NUMBER . COMMA NUMBER   (rule 52)

    COMMA	shift, and go to state 198



state 198

    host_port  ->  NUMBER COMMA NUMBER COMMA NUMBER COMMA NUMBER COMMA NUMBER COMMA . NUMBER   (rule 52)

    NUMBER	shift, and go to state 199



state 199

    host_port  ->  NUMBER COMMA NUMBER COMMA NUMBER COMMA NUMBER COMMA NUMBER COMMA NUMBER .   (rule 52)

    $default	reduce using rule 52 (host_port)



state 200

    $   	go to state 201



state 201

    $default	accept
